[2018-03-15T18:32:42.138] [INFO] development - GET /app.styl RESPONSE: 404
[2018-03-15T18:32:42.143] [INFO] development - GET /css/app.css RESPONSE: 200
[2018-03-15T18:32:44.978] [INFO] development - GET /demo/template RESPONSE: 200
[2018-03-15T18:32:45.014] [INFO] development - GET /demo/template RESPONSE: 200
[2018-03-15T18:32:45.027] [INFO] development - { message: 'Not Found',
  name: 'NotFoundError',
  stack: 'NotFoundError: Not Found\n    at Object.throw (/Users/fangbao/Documents/i-counting/koa/node_modules/koa/lib/context.js:92:11)\n    at next.then (/Users/fangbao/Documents/i-counting/koa/node_modules/koa-json-error/lib/middleware.js:52:58)\n    at <anonymous>',
  status: 404 }
[2018-03-15T18:32:45.027] [INFO] development - GET /app.styl RESPONSE: 404
[2018-03-15T18:32:45.028] [INFO] development - GET /css/app.css RESPONSE: 200
[2018-03-15T18:32:51.232] [INFO] development - GET /css/app.css?livereload=1521109971230 RESPONSE: 200
[2018-03-15T18:32:57.383] [INFO] development - GET /css/app.css?livereload=1521109977381 RESPONSE: 200
[2018-03-15T18:40:23.163] [INFO] development - GET /css/app.css?livereload=1521110423160 RESPONSE: 200
[2018-03-15T18:51:29.429] [INFO] development - GET /demo/template RESPONSE: 200
[2018-03-15T18:51:29.489] [INFO] development - GET /demo/template RESPONSE: 200
[2018-03-15T18:51:29.489] [INFO] development - GET /demo/template RESPONSE: 200
[2018-03-15T18:51:29.489] [INFO] development - GET /demo/template RESPONSE: 200
[2018-03-15T18:51:29.489] [INFO] development - GET /demo/template RESPONSE: 200
[2018-03-15T18:51:29.506] [INFO] development - { message: 'Not Found',
  name: 'NotFoundError',
  stack: 'NotFoundError: Not Found\n    at Object.throw (/Users/fangbao/Documents/i-counting/koa/node_modules/koa/lib/context.js:92:11)\n    at next.then (/Users/fangbao/Documents/i-counting/koa/node_modules/koa-json-error/lib/middleware.js:52:58)\n    at <anonymous>',
  status: 404 }
[2018-03-15T18:51:29.509] [INFO] development - GET /app.styl RESPONSE: 404
[2018-03-15T18:51:29.512] [INFO] development - GET /css/app.css RESPONSE: 200
[2018-03-15T18:51:37.970] [INFO] development - GET /css/app.css?livereload=1521111097968 RESPONSE: 200
[2018-03-15T18:51:43.750] [INFO] development - GET /css/app.css?livereload=1521111103747 RESPONSE: 200
